2022-01-17 13:33:50.565  INFO 14312 --- [restartedMain] c.s.w.SpringbootWebThymeleafApplication  : Starting SpringbootWebThymeleafApplication using Java 1.8.0_311 on DESKTOP-0CA22NC with PID 14312 (F:\JavaCode\Springboot\springboot-web-thymeleaf\target\classes started by 28306 in F:\JavaCode\Springboot)
2022-01-17 13:33:50.566  INFO 14312 --- [restartedMain] c.s.w.SpringbootWebThymeleafApplication  : No active profile set, falling back to default profiles: default
2022-01-17 13:33:50.614  INFO 14312 --- [restartedMain] .e.DevToolsPropertyDefaultsPostProcessor : Devtools property defaults active! Set 'spring.devtools.add-properties' to 'false' to disable
2022-01-17 13:33:50.615  INFO 14312 --- [restartedMain] .e.DevToolsPropertyDefaultsPostProcessor : For additional web related logging consider setting the 'logging.level.web' property to 'DEBUG'
2022-01-17 13:33:51.469  INFO 14312 --- [restartedMain] o.s.b.w.embedded.tomcat.TomcatWebServer  : Tomcat initialized with port(s): 8080 (http)
2022-01-17 13:33:51.478  INFO 14312 --- [restartedMain] o.apache.catalina.core.StandardService   : Starting service [Tomcat]
2022-01-17 13:33:51.479  INFO 14312 --- [restartedMain] org.apache.catalina.core.StandardEngine  : Starting Servlet engine: [Apache Tomcat/9.0.56]
2022-01-17 13:33:51.548  INFO 14312 --- [restartedMain] o.a.c.c.C.[Tomcat].[localhost].[/]       : Initializing Spring embedded WebApplicationContext
2022-01-17 13:33:51.548  INFO 14312 --- [restartedMain] w.s.c.ServletWebServerApplicationContext : Root WebApplicationContext: initialization completed in 932 ms
2022-01-17 13:33:51.718  INFO 14312 --- [restartedMain] o.s.b.a.w.s.WelcomePageHandlerMapping    : Adding welcome page template: index
2022-01-17 13:33:51.822  INFO 14312 --- [restartedMain] o.s.b.d.a.OptionalLiveReloadServer       : LiveReload server is running on port 35729
2022-01-17 13:33:51.844  INFO 14312 --- [restartedMain] o.s.b.w.embedded.tomcat.TomcatWebServer  : Tomcat started on port(s): 8080 (http) with context path ''
2022-01-17 13:33:51.851  INFO 14312 --- [restartedMain] c.s.w.SpringbootWebThymeleafApplication  : Started SpringbootWebThymeleafApplication in 1.636 seconds (JVM running for 3.273)
2022-01-17 13:34:44.688  INFO 14312 --- [restartedMain] c.s.w.SpringbootWebThymeleafApplication  : Starting SpringbootWebThymeleafApplication using Java 1.8.0_311 on DESKTOP-0CA22NC with PID 14312 (F:\JavaCode\Springboot\springboot-web-thymeleaf\target\classes started by 28306 in F:\JavaCode\Springboot)
2022-01-17 13:34:44.688  INFO 14312 --- [restartedMain] c.s.w.SpringbootWebThymeleafApplication  : No active profile set, falling back to default profiles: default
2022-01-17 13:34:44.834  INFO 14312 --- [restartedMain] o.s.b.w.embedded.tomcat.TomcatWebServer  : Tomcat initialized with port(s): 8080 (http)
2022-01-17 13:34:44.835  INFO 14312 --- [restartedMain] o.apache.catalina.core.StandardService   : Starting service [Tomcat]
2022-01-17 13:34:44.836  INFO 14312 --- [restartedMain] org.apache.catalina.core.StandardEngine  : Starting Servlet engine: [Apache Tomcat/9.0.56]
2022-01-17 13:34:44.847  INFO 14312 --- [restartedMain] o.a.c.c.C.[Tomcat].[localhost].[/]       : Initializing Spring embedded WebApplicationContext
2022-01-17 13:34:44.848  INFO 14312 --- [restartedMain] w.s.c.ServletWebServerApplicationContext : Root WebApplicationContext: initialization completed in 157 ms
2022-01-17 13:34:44.878  INFO 14312 --- [restartedMain] o.s.b.a.w.s.WelcomePageHandlerMapping    : Adding welcome page template: index
2022-01-17 13:34:44.901  INFO 14312 --- [restartedMain] o.s.b.d.a.OptionalLiveReloadServer       : LiveReload server is running on port 35729
2022-01-17 13:34:44.909  INFO 14312 --- [restartedMain] o.s.b.w.embedded.tomcat.TomcatWebServer  : Tomcat started on port(s): 8080 (http) with context path ''
2022-01-17 13:34:44.912  INFO 14312 --- [restartedMain] c.s.w.SpringbootWebThymeleafApplication  : Started SpringbootWebThymeleafApplication in 0.252 seconds (JVM running for 56.334)
2022-01-17 13:34:44.913  INFO 14312 --- [restartedMain] .ConditionEvaluationDeltaLoggingListener : Condition evaluation unchanged
