2022-01-21 12:55:03.496  INFO 3744 --- [restartedMain] c.s.boot.SpringBootApplicationCustom     : Starting SpringBootApplicationCustom on DESKTOP-0CA22NC with PID 3744 (F:\JavaCode\Springboot\target\classes started by 28306 in F:\JavaCode\Springboot)
2022-01-21 12:55:03.500  INFO 3744 --- [restartedMain] c.s.boot.SpringBootApplicationCustom     : No active profile set, falling back to default profiles: default
2022-01-21 12:55:03.544  INFO 3744 --- [restartedMain] .e.DevToolsPropertyDefaultsPostProcessor : Devtools property defaults active! Set 'spring.devtools.add-properties' to 'false' to disable
2022-01-21 12:55:03.544  INFO 3744 --- [restartedMain] .e.DevToolsPropertyDefaultsPostProcessor : For additional web related logging consider setting the 'logging.level.web' property to 'DEBUG'
2022-01-21 12:55:04.466  INFO 3744 --- [restartedMain] o.s.b.w.embedded.tomcat.TomcatWebServer  : Tomcat initialized with port(s): 8081 (http)
2022-01-21 12:55:04.473  INFO 3744 --- [restartedMain] o.apache.catalina.core.StandardService   : Starting service [Tomcat]
2022-01-21 12:55:04.473  INFO 3744 --- [restartedMain] org.apache.catalina.core.StandardEngine  : Starting Servlet engine: [Apache Tomcat/9.0.33]
2022-01-21 12:55:04.531  INFO 3744 --- [restartedMain] o.a.c.c.C.[Tomcat].[localhost].[/]       : Initializing Spring embedded WebApplicationContext
2022-01-21 12:55:04.531  INFO 3744 --- [restartedMain] o.s.web.context.ContextLoader            : Root WebApplicationContext: initialization completed in 979 ms
2022-01-21 12:55:04.560  INFO 3744 --- [restartedMain] f.a.AutowiredAnnotationBeanPostProcessor : Autowired annotation is not supported on static fields: public static com.spring.boot.entity.Person com.spring.boot.SpringBootApplicationCustom.person
2022-01-21 12:55:04.649  INFO 3744 --- [restartedMain] o.s.s.concurrent.ThreadPoolTaskExecutor  : Initializing ExecutorService 'applicationTaskExecutor'
2022-01-21 12:55:04.747  INFO 3744 --- [restartedMain] o.s.b.d.a.OptionalLiveReloadServer       : LiveReload server is running on port 35729
2022-01-21 12:55:04.825  INFO 3744 --- [restartedMain] o.s.b.w.embedded.tomcat.TomcatWebServer  : Tomcat started on port(s): 8081 (http) with context path ''
2022-01-21 12:55:04.827  INFO 3744 --- [restartedMain] c.s.boot.SpringBootApplicationCustom     : Started SpringBootApplicationCustom in 2.939 seconds (JVM running for 3.986)
2022-01-21 12:56:00.119  INFO 11796 --- [restartedMain] c.s.boot.SpringBootApplicationCustom     : Starting SpringBootApplicationCustom on DESKTOP-0CA22NC with PID 11796 (F:\JavaCode\Springboot\target\classes started by 28306 in F:\JavaCode\Springboot)
2022-01-21 12:56:00.121  INFO 11796 --- [restartedMain] c.s.boot.SpringBootApplicationCustom     : No active profile set, falling back to default profiles: default
2022-01-21 12:56:00.170  INFO 11796 --- [restartedMain] .e.DevToolsPropertyDefaultsPostProcessor : Devtools property defaults active! Set 'spring.devtools.add-properties' to 'false' to disable
2022-01-21 12:56:00.171  INFO 11796 --- [restartedMain] .e.DevToolsPropertyDefaultsPostProcessor : For additional web related logging consider setting the 'logging.level.web' property to 'DEBUG'
2022-01-21 12:56:01.053  INFO 11796 --- [restartedMain] o.s.b.w.embedded.tomcat.TomcatWebServer  : Tomcat initialized with port(s): 8081 (http)
2022-01-21 12:56:01.063  INFO 11796 --- [restartedMain] o.apache.catalina.core.StandardService   : Starting service [Tomcat]
2022-01-21 12:56:01.063  INFO 11796 --- [restartedMain] org.apache.catalina.core.StandardEngine  : Starting Servlet engine: [Apache Tomcat/9.0.33]
2022-01-21 12:56:01.344  INFO 11796 --- [restartedMain] o.a.c.c.C.[Tomcat].[localhost].[/]       : Initializing Spring embedded WebApplicationContext
2022-01-21 12:56:01.344  INFO 11796 --- [restartedMain] o.s.web.context.ContextLoader            : Root WebApplicationContext: initialization completed in 1173 ms
2022-01-21 12:56:01.390  INFO 11796 --- [restartedMain] f.a.AutowiredAnnotationBeanPostProcessor : Autowired annotation is not supported on static fields: public static com.spring.boot.entity.Person com.spring.boot.SpringBootApplicationCustom.person
2022-01-21 12:56:01.544  INFO 11796 --- [restartedMain] o.s.s.concurrent.ThreadPoolTaskExecutor  : Initializing ExecutorService 'applicationTaskExecutor'
2022-01-21 12:56:01.787  INFO 11796 --- [restartedMain] o.s.b.d.a.OptionalLiveReloadServer       : LiveReload server is running on port 35729
2022-01-21 12:56:01.826  INFO 11796 --- [restartedMain] o.s.b.w.embedded.tomcat.TomcatWebServer  : Tomcat started on port(s): 8081 (http) with context path ''
2022-01-21 12:56:01.829  INFO 11796 --- [restartedMain] c.s.boot.SpringBootApplicationCustom     : Started SpringBootApplicationCustom in 2.929 seconds (JVM running for 3.829)
